<?xml version="1.0" encoding="UTF-8"?>
<coverage generated="1720018847460" clover="3.2.0">
  <project timestamp="1720018847460" name="All files">
    <metrics statements="19" coveredstatements="19" conditionals="7" coveredconditionals="7" methods="7" coveredmethods="7" elements="33" coveredelements="33" complexity="0" loc="19" ncloc="19" packages="2" files="4" classes="4"/>
    <package name="components">
      <metrics statements="7" coveredstatements="7" conditionals="4" coveredconditionals="4" methods="3" coveredmethods="3"/>
      <file name="CardCar.tsx" path="D:\Course\Binar Academy\FSW\chapter-7\client-bcr\src\components\CardCar.tsx">
        <metrics statements="4" coveredstatements="4" conditionals="4" coveredconditionals="4" methods="2" coveredmethods="2"/>
        <line num="3" count="1" type="stmt"/>
        <line num="4" count="4" type="stmt"/>
        <line num="13" count="6" type="stmt"/>
        <line num="51" count="1" type="stmt"/>
      </file>
      <file name="FormInput.tsx" path="D:\Course\Binar Academy\FSW\chapter-7\client-bcr\src\components\FormInput.tsx">
        <metrics statements="3" coveredstatements="3" conditionals="0" coveredconditionals="0" methods="1" coveredmethods="1"/>
        <line num="12" count="1" type="stmt"/>
        <line num="20" count="2" type="stmt"/>
        <line num="40" count="1" type="stmt"/>
      </file>
    </package>
    <package name="sections">
      <metrics statements="12" coveredstatements="12" conditionals="3" coveredconditionals="3" methods="4" coveredmethods="4"/>
      <file name="FAQ.tsx" path="D:\Course\Binar Academy\FSW\chapter-7\client-bcr\src\sections\FAQ.tsx">
        <metrics statements="6" coveredstatements="6" conditionals="0" coveredconditionals="0" methods="2" coveredmethods="2"/>
        <line num="1" count="1" type="stmt"/>
        <line num="2" count="1" type="stmt"/>
        <line num="4" count="1" type="stmt"/>
        <line num="5" count="3" type="stmt"/>
        <line num="6" count="2" type="stmt"/>
        <line num="9" count="2" type="stmt"/>
      </file>
      <file name="Hero.tsx" path="D:\Course\Binar Academy\FSW\chapter-7\client-bcr\src\sections\Hero.tsx">
        <metrics statements="6" coveredstatements="6" conditionals="3" coveredconditionals="3" methods="2" coveredmethods="2"/>
        <line num="1" count="1" type="stmt"/>
        <line num="7" count="1" type="cond" truecount="1" falsecount="0"/>
        <line num="8" count="6" type="stmt"/>
        <line num="10" count="2" type="stmt"/>
        <line num="28" count="1" type="stmt"/>
        <line num="46" count="1" type="stmt"/>
      </file>
    </package>
  </project>
</coverage>
