{"D:\\Course\\Binar Academy\\FSW\\chapter-7\\client-bcr\\src\\components\\CardCar.tsx": {"path":"D:\\Course\\Binar Academy\\FSW\\chapter-7\\client-bcr\\src\\components\\CardCar.tsx","statementMap":{"0":{"start":{"line":3,"column":17},"end":{"line":49,"column":1}},"1":{"start":{"line":4,"column":2},"end":{"line":48,"column":4}},"2":{"start":{"line":13,"column":12},"end":{"line":13,"column":30}},"3":{"start":{"line":51,"column":0},"end":{"line":51,"column":24}}},"fnMap":{"0":{"name":"(anonymous_0)","decl":{"start":{"line":3,"column":17},"end":{"line":3,"column":18}},"loc":{"start":{"line":3,"column":47},"end":{"line":49,"column":1}}},"1":{"name":"(anonymous_1)","decl":{"start":{"line":12,"column":20},"end":{"line":12,"column":21}},"loc":{"start":{"line":13,"column":12},"end":{"line":13,"column":30}}}},"branchMap":{"0":{"loc":{"start":{"line":7,"column":9},"end":{"line":44,"column":null}},"type":"cond-expr","locations":[{"start":{"line":8,"column":10},"end":{"line":9,"column":null}},{"start":{"line":12,"column":10},"end":{"line":44,"column":12}}]},"1":{"loc":{"start":{"line":7,"column":9},"end":{"line":7,"column":36}},"type":"binary-expr","locations":[{"start":{"line":7,"column":9},"end":{"line":7,"column":14}},{"start":{"line":7,"column":18},"end":{"line":7,"column":36}}]}},"s":{"0":1,"1":4,"2":6,"3":1},"f":{"0":4,"1":6},"b":{"0":[1,3],"1":[4,4]}}
,"D:\\Course\\Binar Academy\\FSW\\chapter-7\\client-bcr\\src\\components\\FormInput.tsx": {"path":"D:\\Course\\Binar Academy\\FSW\\chapter-7\\client-bcr\\src\\components\\FormInput.tsx","statementMap":{"0":{"start":{"line":12,"column":44},"end":{"line":38,"column":1}},"1":{"start":{"line":20,"column":2},"end":{"line":37,"column":4}},"2":{"start":{"line":40,"column":0},"end":{"line":40,"column":25}}},"fnMap":{"0":{"name":"(anonymous_0)","decl":{"start":{"line":12,"column":44},"end":{"line":12,"column":45}},"loc":{"start":{"line":19,"column":5},"end":{"line":38,"column":1}}}},"branchMap":{},"s":{"0":1,"1":2,"2":1},"f":{"0":2},"b":{}}
,"D:\\Course\\Binar Academy\\FSW\\chapter-7\\client-bcr\\src\\sections\\FAQ.tsx": {"path":"D:\\Course\\Binar Academy\\FSW\\chapter-7\\client-bcr\\src\\sections\\FAQ.tsx","statementMap":{"0":{"start":{"line":1,"column":0},"end":{"line":1,"column":41}},"1":{"start":{"line":2,"column":0},"end":{"line":2,"column":36}},"2":{"start":{"line":4,"column":29},"end":{"line":208,"column":1}},"3":{"start":{"line":5,"column":2},"end":{"line":7,"column":9}},"4":{"start":{"line":6,"column":4},"end":{"line":6,"column":22}},"5":{"start":{"line":9,"column":2},"end":{"line":207,"column":4}},"6":{"start":{"line":4,"column":13},"end":{"line":4,"column":29}}},"fnMap":{"0":{"name":"(anonymous_0)","decl":{"start":{"line":4,"column":29},"end":{"line":4,"column":32}},"loc":{"start":{"line":4,"column":34},"end":{"line":208,"column":1}}},"1":{"name":"(anonymous_1)","decl":{"start":{"line":5,"column":12},"end":{"line":5,"column":15}},"loc":{"start":{"line":5,"column":17},"end":{"line":7,"column":3}}}},"branchMap":{},"s":{"0":1,"1":1,"2":1,"3":3,"4":2,"5":2,"6":1},"f":{"0":3,"1":2},"b":{}}
,"D:\\Course\\Binar Academy\\FSW\\chapter-7\\client-bcr\\src\\sections\\Hero.tsx": {"path":"D:\\Course\\Binar Academy\\FSW\\chapter-7\\client-bcr\\src\\sections\\Hero.tsx","statementMap":{"0":{"start":{"line":1,"column":0},"end":{"line":1,"column":47}},"1":{"start":{"line":7,"column":34},"end":{"line":44,"column":1}},"2":{"start":{"line":8,"column":19},"end":{"line":8,"column":32}},"3":{"start":{"line":10,"column":2},"end":{"line":43,"column":4}},"4":{"start":{"line":28,"column":31},"end":{"line":28,"column":48}},"5":{"start":{"line":46,"column":0},"end":{"line":46,"column":20}}},"fnMap":{"0":{"name":"(anonymous_0)","decl":{"start":{"line":7,"column":34},"end":{"line":7,"column":35}},"loc":{"start":{"line":7,"column":61},"end":{"line":44,"column":1}}},"1":{"name":"(anonymous_1)","decl":{"start":{"line":28,"column":25},"end":{"line":28,"column":28}},"loc":{"start":{"line":28,"column":31},"end":{"line":28,"column":48}}}},"branchMap":{"0":{"loc":{"start":{"line":7,"column":37},"end":{"line":7,"column":55}},"type":"default-arg","locations":[{"start":{"line":7,"column":50},"end":{"line":7,"column":55}}]},"1":{"loc":{"start":{"line":26,"column":13},"end":{"line":32,"column":null}},"type":"binary-expr","locations":[{"start":{"line":26,"column":13},"end":{"line":26,"column":23}},{"start":{"line":27,"column":14},"end":{"line":29,"column":null}}]}},"s":{"0":1,"1":1,"2":6,"3":2,"4":1,"5":1},"f":{"0":6,"1":1},"b":{"0":[4],"1":[2,2]}}
}
