TN:
SF:src\components\CardCar.tsx
FN:3,(anonymous_0)
FN:12,(anonymous_1)
FNF:2
FNH:2
FNDA:4,(anonymous_0)
FNDA:6,(anonymous_1)
DA:3,1
DA:4,4
DA:13,6
DA:51,1
LF:4
LH:4
BRDA:7,0,0,1
BRDA:7,0,1,3
BRDA:7,1,0,4
BRDA:7,1,1,4
BRF:4
BRH:4
end_of_record
TN:
SF:src\components\FormInput.tsx
FN:12,(anonymous_0)
FNF:1
FNH:1
FNDA:2,(anonymous_0)
DA:12,1
DA:20,2
DA:40,1
LF:3
LH:3
BRF:0
BRH:0
end_of_record
TN:
SF:src\sections\FAQ.tsx
FN:4,(anonymous_0)
FN:5,(anonymous_1)
FNF:2
FNH:2
FNDA:3,(anonymous_0)
FNDA:2,(anonymous_1)
DA:1,1
DA:2,1
DA:4,1
DA:5,3
DA:6,2
DA:9,2
LF:6
LH:6
BRF:0
BRH:0
end_of_record
TN:
SF:src\sections\Hero.tsx
FN:7,(anonymous_0)
FN:28,(anonymous_1)
FNF:2
FNH:2
FNDA:6,(anonymous_0)
FNDA:1,(anonymous_1)
DA:1,1
DA:7,1
DA:8,6
DA:10,2
DA:28,1
DA:46,1
LF:6
LH:6
BRDA:7,0,0,4
BRDA:26,1,0,2
BRDA:26,1,1,2
BRF:3
BRH:3
end_of_record
